{"name": "test_remove_from_cart", "status": "failed", "statusDetails": {"message": "AssertionError: assert 1 == 0\n +  where 1 = get_cart_count()\n +    where get_cart_count = <pages.inventory_page.InventoryPage object at 0x0000026A71FC1310>.get_cart_count", "trace": "setup = <selenium.webdriver.chrome.webdriver.WebDriver (session=\"d67ca4b7fc343f8049756f6770c8ffef\")>\n\n    def test_remove_from_cart(setup):\n        \"\"\"Remove single item from cart\"\"\"\n        driver = setup\n        inventory = InventoryPage(driver)\n        inventory.add_to_cart()\n        assert inventory.get_cart_count() == 1\n        inventory.remove_item_from_cart(\"remove-sauce-labs-backpack\")\n>       assert inventory.get_cart_count() == 0\nE       assert 1 == 0\nE        +  where 1 = get_cart_count()\nE        +    where get_cart_count = <pages.inventory_page.InventoryPage object at 0x0000026A71FC1310>.get_cart_count\n\ntests\\test_add_to_cart.py:51: AssertionError"}, "description": "Remove single item from cart", "start": 1759149539271, "stop": 1759149539482, "uuid": "5a86d15b-6a26-4df4-aa28-d0456da6cb59", "historyId": "30c6417c42382d579419534e5a9994db", "testCaseId": "30c6417c42382d579419534e5a9994db", "fullName": "tests.test_add_to_cart#test_remove_from_cart", "labels": [{"name": "parentSuite", "value": "tests"}, {"name": "suite", "value": "test_add_to_cart"}, {"name": "host", "value": "Muskaan"}, {"name": "thread", "value": "37036-MainThread"}, {"name": "framework", "value": "pytest"}, {"name": "language", "value": "cpython3"}, {"name": "package", "value": "tests.test_add_to_cart"}], "titlePath": ["tests", "test_add_to_cart.py"]}