{"name": "test_add_to_cart", "status": "broken", "statusDetails": {"message": "selenium.common.exceptions.NoSuchElementException: Message: no such element: Unable to locate element: {\"method\":\"css selector\",\"selector\":\"[id=\"add-to-cart-sauce-labs-backpack\"]\"}\n  (Session info: chrome=140.0.7339.208); For documentation on this error, please visit: https://www.selenium.dev/documentation/webdriver/troubleshooting/errors#nosuchelementexception\nStacktrace:\n\tGetHandleVerifier [0x0x7ff6deaa1eb5+80197]\n\tGetHandleVerifier [0x0x7ff6deaa1f10+80288]\n\t(No symbol) [0x0x7ff6de8202fa]\n\t(No symbol) [0x0x7ff6de877cd7]\n\t(No symbol) [0x0x7ff6de877f9c]\n\t(No symbol) [0x0x7ff6de8cba87]\n\t(No symbol) [0x0x7ff6de8a03bf]\n\t(No symbol) [0x0x7ff6de8c87fb]\n\t(No symbol) [0x0x7ff6de8a0153]\n\t(No symbol) [0x0x7ff6de868b02]\n\t(No symbol) [0x0x7ff6de8698d3]\n\tGetHandleVerifier [0x0x7ff6ded5e83d+2949837]\n\tGetHandleVerifier [0x0x7ff6ded58c6a+2926330]\n\tGetHandleVerifier [0x0x7ff6ded786c7+3055959]\n\tGetHandleVerifier [0x0x7ff6deabcfee+191102]\n\tGetHandleVerifier [0x0x7ff6deac50af+224063]\n\tGetHandleVerifier [0x0x7ff6deaaaf64+117236]\n\tGetHandleVerifier [0x0x7ff6deaab119+117673]\n\tGetHandleVerifier [0x0x7ff6dea910a8+11064]\n\tBaseThreadInitThunk [0x0x7ffbb85ce8d7+23]\n\tRtlUserThreadStart [0x0x7ffbb9e08d9c+44]", "trace": "setup = <selenium.webdriver.chrome.webdriver.WebDriver (session=\"5d6a6a640cd1af50713f29baf1086089\")>\n\n    def test_add_to_cart(setup):\n        \"\"\"Add single item to cart\"\"\"\n        driver = setup\n        with allure.step(\"Add backpack to cart\"):\n            driver.find_element(By.ID, \"add-to-cart-sauce-labs-backpack\").click()\n        with allure.step(\"Verify cart badge is 1\"):\n            cart_badge = driver.find_element(By.CLASS_NAME, \"shopping_cart_badge\").text\n            assert cart_badge == \"1\"\n        inventory = InventoryPage(driver)\n>       inventory.add_to_cart()\n\ntests\\test_add_to_cart.py:27: \n_ _ _ _ _ _ _ _ _ _ _ _ _ _ _ _ _ _ _ _ _ _ _ _ _ _ _ _ _ _ _ _ _ _ _ _ _ _ _ _ _ _ _ _ _ _ _ _ _ _ _ _ _ _ _ _ _ _ _ _ _ _ _ _ _ _ _ _ _ _ _ _ _ _ _ _ _ _ _ \npages\\inventory_page.py:13: in add_to_cart\n    self.driver.find_element(*self.add_to_cart_btn).click()\n    ^^^^^^^^^^^^^^^^^^^^^^^^^^^^^^^^^^^^^^^^^^^^^^^\n..\\..\\..\\..\\AppData\\Local\\Programs\\Python\\Python313\\Lib\\site-packages\\selenium\\webdriver\\remote\\webdriver.py:926: in find_element\n    return self.execute(Command.FIND_ELEMENT, {\"using\": by, \"value\": value})[\"value\"]\n           ^^^^^^^^^^^^^^^^^^^^^^^^^^^^^^^^^^^^^^^^^^^^^^^^^^^^^^^^^^^^^^^^^\n..\\..\\..\\..\\AppData\\Local\\Programs\\Python\\Python313\\Lib\\site-packages\\selenium\\webdriver\\remote\\webdriver.py:458: in execute\n    self.error_handler.check_response(response)\n_ _ _ _ _ _ _ _ _ _ _ _ _ _ _ _ _ _ _ _ _ _ _ _ _ _ _ _ _ _ _ _ _ _ _ _ _ _ _ _ _ _ _ _ _ _ _ _ _ _ _ _ _ _ _ _ _ _ _ _ _ _ _ _ _ _ _ _ _ _ _ _ _ _ _ _ _ _ _ \n\nself = <selenium.webdriver.remote.errorhandler.ErrorHandler object at 0x0000026A71F3CD70>\nresponse = {'status': 404, 'value': '{\"value\":{\"error\":\"no such element\",\"message\":\"no such element: Unable to locate element: {\\...ff6dea910a8+11064]\\\\n\\\\tBaseThreadInitThunk [0x0x7ffbb85ce8d7+23]\\\\n\\\\tRtlUserThreadStart [0x0x7ffbb9e08d9c+44]\\\\n\"}}'}\n\n    def check_response(self, response: dict[str, Any]) -> None:\n        \"\"\"Checks that a JSON response from the WebDriver does not have an\n        error.\n    \n        :Args:\n         - response - The JSON response from the WebDriver server as a dictionary\n           object.\n    \n        :Raises: If the response contains an error message.\n        \"\"\"\n        status = response.get(\"status\", None)\n        if not status or status == ErrorCode.SUCCESS:\n            return\n        value = None\n        message = response.get(\"message\", \"\")\n        screen: str = response.get(\"screen\", \"\")\n        stacktrace = None\n        if isinstance(status, int):\n            value_json = response.get(\"value\", None)\n            if value_json and isinstance(value_json, str):\n                try:\n                    value = json.loads(value_json)\n                    if isinstance(value, dict):\n                        if len(value) == 1:\n                            value = value[\"value\"]\n                        status = value.get(\"error\", None)\n                        if not status:\n                            status = value.get(\"status\", ErrorCode.UNKNOWN_ERROR)\n                            message = value.get(\"value\") or value.get(\"message\")\n                            if not isinstance(message, str):\n                                value = message\n                                message = message.get(\"message\")\n                        else:\n                            message = value.get(\"message\", None)\n                except ValueError:\n                    pass\n    \n        exception_class: type[WebDriverException]\n        e = ErrorCode()\n        error_codes = [item for item in dir(e) if not item.startswith(\"__\")]\n        for error_code in error_codes:\n            error_info = getattr(ErrorCode, error_code)\n            if isinstance(error_info, list) and status in error_info:\n                exception_class = getattr(ExceptionMapping, error_code, WebDriverException)\n                break\n        else:\n            exception_class = WebDriverException\n    \n        if not value:\n            value = response[\"value\"]\n        if isinstance(value, str):\n            raise exception_class(value)\n        if message == \"\" and \"message\" in value:\n            message = value[\"message\"]\n    \n        screen = None  # type: ignore[assignment]\n        if \"screen\" in value:\n            screen = value[\"screen\"]\n    \n        stacktrace = None\n        st_value = value.get(\"stackTrace\") or value.get(\"stacktrace\")\n        if st_value:\n            if isinstance(st_value, str):\n                stacktrace = st_value.split(\"\\n\")\n            else:\n                stacktrace = []\n                try:\n                    for frame in st_value:\n                        line = frame.get(\"lineNumber\", \"\")\n                        file = frame.get(\"fileName\", \"<anonymous>\")\n                        if line:\n                            file = f\"{file}:{line}\"\n                        meth = frame.get(\"methodName\", \"<anonymous>\")\n                        if \"className\" in frame:\n                            meth = f\"{frame['className']}.{meth}\"\n                        msg = \"    at %s (%s)\"\n                        msg = msg % (meth, file)\n                        stacktrace.append(msg)\n                except TypeError:\n                    pass\n        if exception_class == UnexpectedAlertPresentException:\n            alert_text = None\n            if \"data\" in value:\n                alert_text = value[\"data\"].get(\"text\")\n            elif \"alert\" in value:\n                alert_text = value[\"alert\"].get(\"text\")\n            raise exception_class(message, screen, stacktrace, alert_text)  # type: ignore[call-arg]  # mypy is not smart enough here\n>       raise exception_class(message, screen, stacktrace)\nE       selenium.common.exceptions.NoSuchElementException: Message: no such element: Unable to locate element: {\"method\":\"css selector\",\"selector\":\"[id=\"add-to-cart-sauce-labs-backpack\"]\"}\nE         (Session info: chrome=140.0.7339.208); For documentation on this error, please visit: https://www.selenium.dev/documentation/webdriver/troubleshooting/errors#nosuchelementexception\nE       Stacktrace:\nE       \tGetHandleVerifier [0x0x7ff6deaa1eb5+80197]\nE       \tGetHandleVerifier [0x0x7ff6deaa1f10+80288]\nE       \t(No symbol) [0x0x7ff6de8202fa]\nE       \t(No symbol) [0x0x7ff6de877cd7]\nE       \t(No symbol) [0x0x7ff6de877f9c]\nE       \t(No symbol) [0x0x7ff6de8cba87]\nE       \t(No symbol) [0x0x7ff6de8a03bf]\nE       \t(No symbol) [0x0x7ff6de8c87fb]\nE       \t(No symbol) [0x0x7ff6de8a0153]\nE       \t(No symbol) [0x0x7ff6de868b02]\nE       \t(No symbol) [0x0x7ff6de8698d3]\nE       \tGetHandleVerifier [0x0x7ff6ded5e83d+2949837]\nE       \tGetHandleVerifier [0x0x7ff6ded58c6a+2926330]\nE       \tGetHandleVerifier [0x0x7ff6ded786c7+3055959]\nE       \tGetHandleVerifier [0x0x7ff6deabcfee+191102]\nE       \tGetHandleVerifier [0x0x7ff6deac50af+224063]\nE       \tGetHandleVerifier [0x0x7ff6deaaaf64+117236]\nE       \tGetHandleVerifier [0x0x7ff6deaab119+117673]\nE       \tGetHandleVerifier [0x0x7ff6dea910a8+11064]\nE       \tBaseThreadInitThunk [0x0x7ffbb85ce8d7+23]\nE       \tRtlUserThreadStart [0x0x7ffbb9e08d9c+44]\n\n..\\..\\..\\..\\AppData\\Local\\Programs\\Python\\Python313\\Lib\\site-packages\\selenium\\webdriver\\remote\\errorhandler.py:232: NoSuchElementException"}, "description": "Add single item to cart", "steps": [{"name": "Add backpack to cart", "status": "passed", "start": 1759149530231, "stop": 1759149530290}, {"name": "Verify cart badge is 1", "status": "passed", "start": 1759149530290, "stop": 1759149530309}], "start": 1759149530231, "stop": 1759149530316, "uuid": "3be8d85f-0c36-4c59-ac3d-2427b27d0a3a", "historyId": "a65fce4e70cb5afd8c0f8bcce4c3e27a", "testCaseId": "a65fce4e70cb5afd8c0f8bcce4c3e27a", "fullName": "tests.test_add_to_cart#test_add_to_cart", "labels": [{"name": "parentSuite", "value": "tests"}, {"name": "suite", "value": "test_add_to_cart"}, {"name": "host", "value": "Muskaan"}, {"name": "thread", "value": "37036-MainThread"}, {"name": "framework", "value": "pytest"}, {"name": "language", "value": "cpython3"}, {"name": "package", "value": "tests.test_add_to_cart"}], "titlePath": ["tests", "test_add_to_cart.py"]}